<?xml version="1.0" encoding="UTF-8"?>
<!-- Generated by org.testng.reporters.JUnitXMLReporter -->
<testsuite ignored="2" hostname="DESKTOP-4BUC3AP" failures="0" tests="2" name="Default test" time="11.127" errors="0" timestamp="2023-07-12T21:53:28 MESZ">
  <testcase classname="com.freecrm.smoketests.SmokeTest2Linux" name="test3" time="6.394"/>
  <testcase classname="com.freecrm.smoketests.SmokeTest2Linux" name="test4" time="4.696"/>
  <testcase classname="com.freecrm.smoketests.SmokeTest2Linux" name="test1" time="0.0">
    <ignored/>
  </testcase> <!-- test1 -->
  <testcase classname="com.freecrm.smoketests.SmokeTest2Linux" name="test2" time="0.0">
    <ignored/>
  </testcase> <!-- test2 -->
</testsuite> <!-- Default test -->
