<?xml version="1.0" encoding="UTF-8"?>
<!-- Generated by org.testng.reporters.JUnitXMLReporter -->
<testsuite ignored="0" hostname="DESKTOP-4BUC3AP" failures="1" tests="1" name="Test" time="2.583" errors="0" timestamp="2023-07-14T20:21:38 MESZ">
  <testcase classname="com.freecrm.smoketests.SmokeTest4" name="test1" time="0.005">
    <failure type="java.lang.ArrayIndexOutOfBoundsException" message="Index 0 out of bounds for length 0">
      <![CDATA[java.lang.ArrayIndexOutOfBoundsException: Index 0 out of bounds for length 0
at com.freecrm.smoketests.SmokeTest4.test1(SmokeTest4.java:57)
at java.base/java.util.ArrayList.forEach(ArrayList.java:1511)
... Removed 27 stack frames]]>
    </failure>
  </testcase> <!-- test1 -->
</testsuite> <!-- Test -->
