<?xml version="1.0" encoding="UTF-8"?>
<testng-results ignored="0" total="1" passed="1" failed="0" skipped="0">
  <reporter-output>
  </reporter-output>
  <suite started-at="2023-09-16T14:38:51 MESZ" name="SuiteFirefox" finished-at="2023-09-16T14:38:59 MESZ" duration-ms="7973">
    <groups>
      <group name="GroupA">
        <method signature="SmokeTest1.test1(org.testng.ITestContext)[pri:0, instance:com.freecrm.smoketests.SmokeTest1@7c22d4f]" name="test1" class="com.freecrm.smoketests.SmokeTest1"/>
      </group> <!-- GroupA -->
      <group name="GroupE">
        <method signature="SmokeTest1.test1(org.testng.ITestContext)[pri:0, instance:com.freecrm.smoketests.SmokeTest1@7c22d4f]" name="test1" class="com.freecrm.smoketests.SmokeTest1"/>
      </group> <!-- GroupE -->
    </groups>
    <test started-at="2023-09-16T14:38:51 MESZ" name="SmokeTest1" finished-at="2023-09-16T14:38:59 MESZ" duration-ms="7973">
      <class name="com.freecrm.smoketests.SmokeTest1">
        <test-method is-config="true" signature="suiteSetUp(java.lang.String,java.lang.String,java.lang.String)[pri:0, instance:com.freecrm.smoketests.SmokeTest1@7c22d4f]" started-at="2023-09-16T14:38:49 MESZ" name="suiteSetUp" finished-at="2023-09-16T14:38:51 MESZ" duration-ms="2718" status="PASS">
          <params>
            <param index="0">
              <value>
                <![CDATA[firefox]]>
              </value>
            </param>
            <param index="1">
              <value>
                <![CDATA[local]]>
              </value>
            </param>
            <param index="2">
              <value>
                <![CDATA[windows]]>
              </value>
            </param>
          </params>
          <reporter-output>
          </reporter-output>
        </test-method> <!-- suiteSetUp -->
        <test-method is-config="true" signature="setUp()[pri:0, instance:com.freecrm.smoketests.SmokeTest1@7c22d4f]" started-at="2023-09-16T14:38:51 MESZ" name="setUp" finished-at="2023-09-16T14:38:52 MESZ" duration-ms="679" status="PASS">
          <reporter-output>
          </reporter-output>
        </test-method> <!-- setUp -->
        <test-method signature="test1(org.testng.ITestContext)[pri:0, instance:com.freecrm.smoketests.SmokeTest1@7c22d4f]" started-at="2023-09-16T14:38:52 MESZ" name="test1" finished-at="2023-09-16T14:38:58 MESZ" duration-ms="6256" status="PASS">
          <params>
            <param index="0">
              <value>
                <![CDATA[org.testng.TestRunner@1ac6dd3d]]>
              </value>
            </param>
          </params>
          <reporter-output>
          </reporter-output>
        </test-method> <!-- test1 -->
        <test-method is-config="true" signature="tearDown()[pri:0, instance:com.freecrm.smoketests.SmokeTest1@7c22d4f]" started-at="2023-09-16T14:38:58 MESZ" name="tearDown" finished-at="2023-09-16T14:38:59 MESZ" duration-ms="1016" status="PASS">
          <reporter-output>
          </reporter-output>
        </test-method> <!-- tearDown -->
      </class> <!-- com.freecrm.smoketests.SmokeTest1 -->
    </test> <!-- SmokeTest1 -->
  </suite> <!-- SuiteFirefox -->
</testng-results>
